app/build/intermediates/manifest_merge_blame_file/release/manifest-merger-blame-release-report.txt
1<?xml version="1.0" encoding="utf-8"?>
2<manifest xmlns:android="http://schemas.android.com/apk/res/android"
3    package="com.example.vane0427"
4    android:versionCode="1"
5    android:versionName="1.0" >
6
7    <uses-sdk
8        android:minSdkVersion="16"
8-->src\main\AndroidManifest.xml
9        android:targetSdkVersion="30" />
9-->src\main\AndroidManifest.xml
10
11    <uses-feature android:name="android.hardware.camera" />
11-->src\main\AndroidManifest.xml:5:5-60
11-->src\main\AndroidManifest.xml:5:19-57
12    <uses-feature android:name="android.hardware.camera.autofocus" />
12-->src\main\AndroidManifest.xml:6:5-70
12-->src\main\AndroidManifest.xml:6:19-67
13
14    <uses-permission android:name="android.permission.INTERNET" />
14-->src\main\AndroidManifest.xml:8:5-67
14-->src\main\AndroidManifest.xml:8:22-64
15    <uses-permission android:name="android.permission.WRITE_EXTERNAL_STORAGE" />
15-->src\main\AndroidManifest.xml:9:5-81
15-->src\main\AndroidManifest.xml:9:22-78
16    <uses-permission android:name="android.permission.RECORD_AUDIO" />
16-->src\main\AndroidManifest.xml:10:5-71
16-->src\main\AndroidManifest.xml:10:22-68
17    <uses-permission android:name="android.permission.CAMERA" />
17-->src\main\AndroidManifest.xml:11:5-65
17-->src\main\AndroidManifest.xml:11:22-62
18    <uses-permission android:name="android.permission.WAKE_LOCK" />
18-->src\main\AndroidManifest.xml:12:5-68
18-->src\main\AndroidManifest.xml:12:22-65
19
20    <application
20-->src\main\AndroidManifest.xml:15:5-39:19
21        android:allowBackup="true"
21-->src\main\AndroidManifest.xml:16:9-35
22        android:appComponentFactory="androidx.core.app.CoreComponentFactory"
22-->[androidx.core:core:1.1.0] AndroidManifest.xml:24:18-86
23        android:icon="@mipmap/ic_logo"
23-->src\main\AndroidManifest.xml:17:9-39
24        android:label="@string/app_name"
24-->src\main\AndroidManifest.xml:18:9-41
25        android:roundIcon="@mipmap/ic_launcher_round"
25-->src\main\AndroidManifest.xml:19:9-54
26        android:supportsRtl="true"
26-->src\main\AndroidManifest.xml:20:9-35
27        android:testOnly="true"
28        android:theme="@style/Theme.VANE0427" >
28-->src\main\AndroidManifest.xml:21:9-46
29        <activity android:name="com.example.vane0427.TrainingActivity" />
29-->src\main\AndroidManifest.xml:22:9-54
29-->src\main\AndroidManifest.xml:22:19-51
30        <activity android:name="com.example.vane0427.TrainingTimeActivity" />
30-->src\main\AndroidManifest.xml:23:9-58
30-->src\main\AndroidManifest.xml:23:19-55
31        <activity android:name="com.example.vane0427.TrainingNumberActivity" />
31-->src\main\AndroidManifest.xml:24:9-60
31-->src\main\AndroidManifest.xml:24:19-57
32        <activity android:name="com.example.vane0427.TrainingModeActivity" />
32-->src\main\AndroidManifest.xml:25:9-58
32-->src\main\AndroidManifest.xml:25:19-55
33        <activity android:name="com.example.vane0427.TrainingSelectActivity" />
33-->src\main\AndroidManifest.xml:26:9-60
33-->src\main\AndroidManifest.xml:26:19-57
34        <activity android:name="com.example.vane0427.HomeActivity" />
34-->src\main\AndroidManifest.xml:27:9-50
34-->src\main\AndroidManifest.xml:27:19-47
35        <activity android:name="com.example.vane0427.InfoActivity" />
35-->src\main\AndroidManifest.xml:28:9-50
35-->src\main\AndroidManifest.xml:28:19-47
36        <activity android:name="com.example.vane0427.LoginActivity" />
36-->src\main\AndroidManifest.xml:29:9-51
36-->src\main\AndroidManifest.xml:29:19-48
37        <activity
37-->src\main\AndroidManifest.xml:30:9-38:20
38            android:name="com.example.vane0427.MainActivity"
38-->src\main\AndroidManifest.xml:31:13-41
39            android:screenOrientation="portrait" >
39-->src\main\AndroidManifest.xml:32:13-49
40            <intent-filter>
40-->src\main\AndroidManifest.xml:33:13-37:29
41                <action android:name="android.intent.action.MAIN" />
41-->src\main\AndroidManifest.xml:34:17-69
41-->src\main\AndroidManifest.xml:34:25-66
42
43                <category android:name="android.intent.category.LAUNCHER" />
43-->src\main\AndroidManifest.xml:36:17-77
43-->src\main\AndroidManifest.xml:36:27-74
44            </intent-filter>
45        </activity>
46    </application>
47
48</manifest>